TN:
SF:src/index.ts
FN:55,escapeLiteral
FN:67,install
FN:68,momentInstance.fn.toHijri
FN:72,momentInstance.fn.hijriYear
FN:76,momentInstance.fn.hijriMonth
FN:80,momentInstance.fn.hijriDay
FN:84,momentInstance.fn.isValidHijri
FN:88,momentInstance.fn.formatHijri
FN:141,momentInstance.fromHijri
FNF:9
FNH:9
FNDA:7,escapeLiteral
FNDA:1,install
FNDA:12,momentInstance.fn.toHijri
FNDA:1,momentInstance.fn.hijriYear
FNDA:1,momentInstance.fn.hijriMonth
FNDA:1,momentInstance.fn.hijriDay
FNDA:1,momentInstance.fn.isValidHijri
FNDA:5,momentInstance.fn.formatHijri
FNDA:3,momentInstance.fromHijri
DA:1,1
DA:2,1
DA:3,1
DA:4,1
DA:5,1
DA:6,1
DA:7,1
DA:8,1
DA:9,1
DA:10,1
DA:11,1
DA:12,1
DA:13,1
DA:14,1
DA:15,1
DA:16,1
DA:17,1
DA:18,1
DA:19,1
DA:20,1
DA:21,1
DA:22,1
DA:23,1
DA:24,1
DA:25,1
DA:26,1
DA:27,1
DA:28,1
DA:29,1
DA:30,1
DA:31,1
DA:32,1
DA:33,1
DA:34,1
DA:35,1
DA:36,1
DA:37,1
DA:38,1
DA:39,1
DA:40,1
DA:41,1
DA:42,1
DA:43,1
DA:44,1
DA:45,1
DA:46,1
DA:47,1
DA:48,1
DA:49,1
DA:50,1
DA:51,1
DA:52,1
DA:53,1
DA:54,1
DA:55,7
DA:56,7
DA:57,7
DA:58,1
DA:59,1
DA:60,1
DA:61,1
DA:62,1
DA:63,1
DA:64,1
DA:65,1
DA:66,1
DA:67,1
DA:68,1
DA:69,12
DA:70,12
DA:71,1
DA:72,1
DA:73,1
DA:74,1
DA:75,1
DA:76,1
DA:77,1
DA:78,1
DA:79,1
DA:80,1
DA:81,1
DA:82,1
DA:83,1
DA:84,1
DA:85,1
DA:86,1
DA:87,1
DA:88,1
DA:89,5
DA:90,5
DA:91,5
DA:92,5
DA:93,5
DA:94,5
DA:95,5
DA:96,5
DA:97,7
DA:98,7
DA:99,2
DA:100,7
DA:101,0
DA:102,7
DA:103,1
DA:104,1
DA:105,1
DA:106,7
DA:107,0
DA:108,0
DA:109,7
DA:110,1
DA:111,7
DA:112,0
DA:113,7
DA:114,1
DA:115,7
DA:116,0
DA:117,7
DA:118,1
DA:119,1
DA:120,1
DA:121,7
DA:122,0
DA:123,0
DA:124,7
DA:125,0
DA:126,0
DA:127,7
DA:128,7
DA:129,7
DA:130,1
DA:131,7
DA:132,0
DA:133,7
DA:134,5
DA:135,5
DA:136,5
DA:137,1
DA:138,1
DA:139,1
DA:140,1
DA:141,1
DA:142,3
DA:143,3
DA:144,3
DA:145,3
DA:146,3
DA:147,3
DA:148,3
DA:149,3
DA:150,3
DA:151,0
DA:152,0
DA:153,3
DA:154,1
DA:155,1
DA:156,2
DA:157,2
DA:158,2
DA:159,3
DA:160,1
DA:161,1
DA:162,1
DA:163,1
DA:164,1
LF:164
LH:152
BRDA:55,0,0,7
BRDA:67,1,0,1
BRDA:68,2,0,12
BRDA:72,3,0,1
BRDA:73,4,0,0
BRDA:76,5,0,1
BRDA:77,6,0,0
BRDA:80,7,0,1
BRDA:81,8,0,0
BRDA:84,9,0,1
BRDA:88,10,0,5
BRDA:90,11,0,0
BRDA:96,12,0,7
BRDA:98,13,0,2
BRDA:100,14,0,0
BRDA:102,15,0,1
BRDA:106,16,0,0
BRDA:109,17,0,1
BRDA:111,18,0,0
BRDA:113,19,0,1
BRDA:115,20,0,0
BRDA:117,21,0,1
BRDA:121,22,0,0
BRDA:124,23,0,0
BRDA:128,24,0,0
BRDA:129,25,0,1
BRDA:131,26,0,0
BRDA:141,27,0,3
BRDA:150,28,0,0
BRDA:153,29,0,1
BRDA:155,30,0,2
BRF:31
BRH:18
end_of_record
